<?xml version="1.0" encoding="utf-8"?><testsuites name="pytest tests"><testsuite name="pytest" errors="0" failures="0" skipped="2" tests="15" time="3.608" timestamp="2026-07-26T10:40:10.672992+00:00" hostname="agent-env-c95dfaa0-006a-45f3-82cf-48bf48aa2b11"><testcase classname="backend.tests.test_i18n_phase2_phase3.TestTokenMissingTranslation" name="test_no_lang_header_defaults_italian" time="0.151" /><testcase classname="backend.tests.test_i18n_phase2_phase3.TestTokenMissingTranslation" name="test_x_language_en" time="0.098" /><testcase classname="backend.tests.test_i18n_phase2_phase3.TestTokenMissingTranslation" name="test_x_language_es" time="0.093" /><testcase classname="backend.tests.test_i18n_phase2_phase3.TestTokenMissingTranslation" name="test_accept_language_fallback_en" time="0.100" /><testcase classname="backend.tests.test_i18n_phase2_phase3.TestCredentialsInvalidTranslation" name="test_wrong_password_es" time="0.155" /><testcase classname="backend.tests.test_i18n_phase2_phase3.TestCredentialsInvalidTranslation" name="test_wrong_password_en" time="0.157" /><testcase classname="backend.tests.test_i18n_phase2_phase3.TestCredentialsInvalidTranslation" name="test_wrong_password_default_it" time="0.147" /><testcase classname="backend.tests.test_i18n_phase2_phase3.TestNoLotsInCompanyTranslation" name="test_bilancio_azienda_no_lots_en" time="0.303"><skipped type="pytest.skip" message="no company with 0 lots — cannot trigger error">/app/backend/tests/test_i18n_phase2_phase3.py:122: no company with 0 lots — cannot trigger error</skipped></testcase><testcase classname="backend.tests.test_i18n_phase2_phase3.TestNoLotsInCompanyTranslation" name="test_bilancio_azienda_no_lots_es" time="0.097"><skipped type="pytest.skip" message="no company with 0 lots">/app/backend/tests/test_i18n_phase2_phase3.py:140: no company with 0 lots</skipped></testcase><testcase classname="backend.tests.test_i18n_phase2_phase3.TestPDFReportTranslations" name="test_bilancio_azienda_pdf_en" time="0.213" /><testcase classname="backend.tests.test_i18n_phase2_phase3.TestPDFReportTranslations" name="test_bilancio_azienda_pdf_es" time="0.211" /><testcase classname="backend.tests.test_i18n_phase2_phase3.TestPDFReportTranslations" name="test_bilancio_lot_pdf_en" time="0.685" /><testcase classname="backend.tests.test_i18n_phase2_phase3.TestPDFReportTranslations" name="test_bilancio_lot_pdf_es" time="0.698" /><testcase classname="backend.tests.test_i18n_phase2_phase3.TestLanguageSync" name="test_put_language_persists" time="0.309" /><testcase classname="backend.tests.test_i18n_phase2_phase3.TestLanguageSync" name="test_put_language_invalid_rejected" time="0.091" /></testsuite></testsuites>