<?xml version="1.0" encoding="utf-8"?><testsuites name="pytest tests"><testsuite name="pytest" errors="0" failures="0" skipped="0" tests="8" time="1.661" timestamp="2026-07-25T11:55:21.013628+00:00" hostname="agent-env-c95dfaa0-006a-45f3-82cf-48bf48aa2b11"><testcase classname="backend.tests.test_i18n_language" name="test_get_language_authenticated_returns_current" time="0.349" /><testcase classname="backend.tests.test_i18n_language" name="test_get_language_requires_auth" time="0.137" /><testcase classname="backend.tests.test_i18n_language" name="test_put_language_valid_en" time="0.215" /><testcase classname="backend.tests.test_i18n_language" name="test_put_language_valid_es" time="0.247" /><testcase classname="backend.tests.test_i18n_language" name="test_put_language_valid_it_restore" time="0.114" /><testcase classname="backend.tests.test_i18n_language" name="test_put_language_invalid_de" time="0.096" /><testcase classname="backend.tests.test_i18n_language" name="test_put_language_invalid_empty" time="0.095" /><testcase classname="backend.tests.test_i18n_language" name="test_put_language_requires_auth" time="0.094" /></testsuite></testsuites>