<?xml version="1.0" encoding="utf-8"?><testsuites name="pytest tests"><testsuite name="pytest" errors="0" failures="0" skipped="0" tests="17" time="3.585" timestamp="2026-07-21T07:19:53.760489+00:00" hostname="agent-env-c95dfaa0-006a-45f3-82cf-48bf48aa2b11"><testcase classname="backend.tests.test_idor_live" name="test_A_cannot_delete_B_activity" time="1.225" /><testcase classname="backend.tests.test_idor_live" name="test_A_cannot_create_activity_on_B_lot" time="0.096" /><testcase classname="backend.tests.test_idor_live" name="test_A_cannot_delete_B_analysis" time="0.097" /><testcase classname="backend.tests.test_idor_live" name="test_A_cannot_create_analysis_on_B_lot" time="0.097" /><testcase classname="backend.tests.test_idor_live" name="test_A_cannot_delete_B_costo_personale" time="0.097" /><testcase classname="backend.tests.test_idor_live" name="test_A_cannot_put_B_costo_personale" time="0.091" /><testcase classname="backend.tests.test_idor_live" name="test_A_cannot_create_costo_personale_on_B_lot" time="0.097" /><testcase classname="backend.tests.test_idor_live" name="test_A_cannot_delete_B_costo_mezzi" time="0.099" /><testcase classname="backend.tests.test_idor_live" name="test_A_cannot_create_costo_mezzi_on_B_lot" time="0.104" /><testcase classname="backend.tests.test_idor_live" name="test_A_cannot_read_B_costi_personale" time="0.098" /><testcase classname="backend.tests.test_idor_live" name="test_A_cannot_read_B_costi_mezzi" time="0.103" /><testcase classname="backend.tests.test_idor_live" name="test_B_can_delete_own_activity" time="0.215" /><testcase classname="backend.tests.test_idor_live" name="test_B_can_put_own_costo_personale" time="0.116" /><testcase classname="backend.tests.test_idor_live" name="test_viewer_cannot_delete_costo_personale" time="0.430" /><testcase classname="backend.tests.test_idor_live" name="test_viewer_cannot_delete_activity" time="0.090" /><testcase classname="backend.tests.test_idor_live" name="test_viewer_cannot_post_costi_mezzi" time="0.097" /><testcase classname="backend.tests.test_idor_live" name="test_super_admin_can_delete_any_activity" time="0.369" /></testsuite></testsuites>