<?xml version="1.0" encoding="utf-8"?><testsuites name="pytest tests"><testsuite name="pytest" errors="0" failures="0" skipped="0" tests="9" time="2.060" timestamp="2026-06-20T15:44:19.235654+00:00" hostname="agent-env-c95dfaa0-006a-45f3-82cf-48bf48aa2b11"><testcase classname="backend.tests.test_cropbook_bilancio_cascade.TestAuth" name="test_login_success" time="0.241" /><testcase classname="backend.tests.test_cropbook_bilancio_cascade.TestAuth" name="test_login_invalid" time="0.172" /><testcase classname="backend.tests.test_cropbook_bilancio_cascade.TestCompanies" name="test_list_companies_returns_list_with_lots_count" time="0.119" /><testcase classname="backend.tests.test_cropbook_bilancio_cascade.TestCompanies" name="test_list_companies_requires_auth" time="0.133" /><testcase classname="backend.tests.test_cropbook_bilancio_cascade.TestBilancioAzienda" name="test_pdf_for_company_with_lots" time="0.281" /><testcase classname="backend.tests.test_cropbook_bilancio_cascade.TestBilancioAzienda" name="test_pdf_empty_company_returns_400" time="0.332" /><testcase classname="backend.tests.test_cropbook_bilancio_cascade.TestBilancioAzienda" name="test_pdf_nonexistent_company_returns_404" time="0.107" /><testcase classname="backend.tests.test_cropbook_bilancio_cascade.TestBilancioAzienda" name="test_pdf_requires_auth" time="0.107" /><testcase classname="backend.tests.test_cropbook_bilancio_cascade.TestRegressionBilancioLotto" name="test_bilancio_pdf_per_lot" time="0.360" /></testsuite></testsuites>