<?xml version="1.0" encoding="utf-8"?><testsuites name="pytest tests"><testsuite name="pytest" errors="0" failures="0" skipped="0" tests="15" time="3.108" timestamp="2026-06-20T17:42:34.883807+00:00" hostname="agent-env-c95dfaa0-006a-45f3-82cf-48bf48aa2b11"><testcase classname="backend.tests.test_cropbook_bilancio_cascade.TestAuth" name="test_login_success" time="0.216" /><testcase classname="backend.tests.test_cropbook_bilancio_cascade.TestAuth" name="test_login_invalid" time="0.158" /><testcase classname="backend.tests.test_cropbook_bilancio_cascade.TestCompanies" name="test_list_companies_returns_list_with_lots_count" time="0.106" /><testcase classname="backend.tests.test_cropbook_bilancio_cascade.TestCompanies" name="test_list_companies_requires_auth" time="0.120" /><testcase classname="backend.tests.test_cropbook_bilancio_cascade.TestBilancioAzienda" name="test_pdf_for_company_with_lots" time="0.240" /><testcase classname="backend.tests.test_cropbook_bilancio_cascade.TestBilancioAzienda" name="test_pdf_empty_company_returns_400" time="0.309" /><testcase classname="backend.tests.test_cropbook_bilancio_cascade.TestBilancioAzienda" name="test_pdf_nonexistent_company_returns_404" time="0.098" /><testcase classname="backend.tests.test_cropbook_bilancio_cascade.TestBilancioAzienda" name="test_pdf_requires_auth" time="0.157" /><testcase classname="backend.tests.test_cropbook_bilancio_cascade.TestRegressionBilancioLotto" name="test_bilancio_pdf_per_lot" time="0.300" /><testcase classname="backend.tests.test_cropbook_bilancio_cascade.TestBilancioAziendaStagione" name="test_company_pdf_no_stagione_ok" time="0.204" /><testcase classname="backend.tests.test_cropbook_bilancio_cascade.TestBilancioAziendaStagione" name="test_company_pdf_with_stagione_ok" time="0.112" /><testcase classname="backend.tests.test_cropbook_bilancio_cascade.TestBilancioAziendaStagione" name="test_company_pdf_bulk_query_performance" time="0.115" /><testcase classname="backend.tests.test_cropbook_bilancio_cascade.TestBilancioAziendaStagione" name="test_company_pdf_stagione_invalid_year" time="0.104" /><testcase classname="backend.tests.test_cropbook_bilancio_cascade.TestBilancioLottoStagione" name="test_per_lot_pdf_no_stagione" time="0.538" /><testcase classname="backend.tests.test_cropbook_bilancio_cascade.TestBilancioLottoStagione" name="test_per_lot_pdf_with_stagione" time="0.187" /></testsuite></testsuites>